[0m10:31:57.604316 [debug] [MainThread]: Sending event: {'category': 'dbt', 'action': 'invocation', 'label': 'start', 'context': [<snowplow_tracker.self_describing_json.SelfDescribingJson object at 0x0000028B6306DF00>, <snowplow_tracker.self_describing_json.SelfDescribingJson object at 0x0000028B65253FA0>, <snowplow_tracker.self_describing_json.SelfDescribingJson object at 0x0000028B65253D60>]}


============================== 10:31:57.610422 | 723f37dd-569b-42e6-8ff1-26fda5da20d5 ==============================
[0m10:31:57.610422 [info ] [MainThread]: Running with dbt=1.11.7
[0m10:31:57.611665 [debug] [MainThread]: running dbt with arguments {'static_parser': 'True', 'no_print': 'None', 'version_check': 'True', 'target_path': 'None', 'warn_error_options': 'WarnErrorOptionsV2(error=[], warn=[], silence=[])', 'printer_width': '80', 'write_json': 'True', 'empty': 'None', 'log_cache_events': 'False', 'introspect': 'True', 'cache_selected_only': 'False', 'log_format': 'default', 'debug': 'False', 'fail_fast': 'False', 'profiles_dir': 'C:\\Users\\Admin\\.dbt', 'send_anonymous_usage_stats': 'True', 'quiet': 'False', 'warn_error': 'None', 'partial_parse': 'True', 'invocation_command': 'dbt init openbank_dv', 'indirect_selection': 'eager', 'use_colors': 'True', 'use_experimental_parser': 'False', 'log_path': 'logs'}
[0m10:31:57.643863 [info ] [MainThread]: Creating dbt configuration folder at C:\Users\Admin\.dbt
[0m10:31:57.646378 [info ] [MainThread]: A project called openbank_dv already exists here.
[0m10:31:57.648119 [debug] [MainThread]: Command `dbt init` succeeded at 10:31:57.647396 after 0.49 seconds
[0m10:31:57.648119 [debug] [MainThread]: Sending event: {'category': 'dbt', 'action': 'invocation', 'label': 'end', 'context': [<snowplow_tracker.self_describing_json.SelfDescribingJson object at 0x0000028B6306DF00>, <snowplow_tracker.self_describing_json.SelfDescribingJson object at 0x0000028B65252800>, <snowplow_tracker.self_describing_json.SelfDescribingJson object at 0x0000028B652F01C0>]}
[0m10:31:57.649169 [debug] [MainThread]: Flushing usage events
[0m10:31:58.891826 [debug] [MainThread]: An error was encountered while trying to flush usage events
[0m10:35:14.886182 [debug] [MainThread]: Sending event: {'category': 'dbt', 'action': 'invocation', 'label': 'start', 'context': [<snowplow_tracker.self_describing_json.SelfDescribingJson object at 0x0000025D47F09F00>, <snowplow_tracker.self_describing_json.SelfDescribingJson object at 0x0000025D4A102800>, <snowplow_tracker.self_describing_json.SelfDescribingJson object at 0x0000025D4A1032B0>]}


============================== 10:35:14.889195 | d3e3ba5e-9fcd-4e0e-965f-6423baf66440 ==============================
[0m10:35:14.889195 [info ] [MainThread]: Running with dbt=1.11.7
[0m10:35:14.890701 [debug] [MainThread]: running dbt with arguments {'static_parser': 'True', 'no_print': 'None', 'version_check': 'True', 'target_path': 'None', 'warn_error_options': 'WarnErrorOptionsV2(error=[], warn=[], silence=[])', 'printer_width': '80', 'write_json': 'True', 'introspect': 'True', 'log_cache_events': 'False', 'empty': 'None', 'cache_selected_only': 'False', 'log_format': 'default', 'debug': 'False', 'fail_fast': 'False', 'profiles_dir': 'C:\\Users\\Admin\\.dbt', 'send_anonymous_usage_stats': 'True', 'quiet': 'False', 'warn_error': 'None', 'partial_parse': 'True', 'use_colors': 'True', 'indirect_selection': 'eager', 'invocation_command': 'dbt debug', 'use_experimental_parser': 'False', 'log_path': 'logs'}
[0m10:35:14.912121 [info ] [MainThread]: dbt version: 1.11.7
[0m10:35:14.912948 [info ] [MainThread]: python version: 3.10.10
[0m10:35:14.913958 [info ] [MainThread]: python path: C:\python\python.exe
[0m10:35:14.913958 [info ] [MainThread]: os info: Windows-10-10.0.26200-SP0
[0m10:35:14.914959 [info ] [MainThread]: Using profiles dir at C:\Users\Admin\.dbt
[0m10:35:14.915955 [info ] [MainThread]: Using profiles.yml file at C:\Users\Admin\.dbt\profiles.yml
[0m10:35:14.916492 [info ] [MainThread]: Using dbt_project.yml file at D:\projects\openbank-lakehouse\dbt\dbt_project.yml
[0m10:35:14.916997 [info ] [MainThread]: Configuration:
[0m10:35:14.918429 [info ] [MainThread]:   profiles.yml file [[31mERROR not found[0m]
[0m10:35:14.918429 [info ] [MainThread]:   dbt_project.yml file [[31mERROR not found[0m]
[0m10:35:14.919431 [info ] [MainThread]: Required dependencies:
[0m10:35:14.919431 [debug] [MainThread]: Executing "git --help"
[0m10:35:14.950465 [debug] [MainThread]: STDOUT: "b"usage: git [-v | --version] [-h | --help] [-C <path>] [-c <name>=<value>]\n           [--exec-path[=<path>]] [--html-path] [--man-path] [--info-path]\n           [-p | --paginate | -P | --no-pager] [--no-replace-objects] [--no-lazy-fetch]\n           [--no-optional-locks] [--no-advice] [--bare] [--git-dir=<path>]\n           [--work-tree=<path>] [--namespace=<name>] [--config-env=<name>=<envvar>]\n           <command> [<args>]\n\nThese are common Git commands used in various situations:\n\nstart a working area (see also: git help tutorial)\n   clone      Clone a repository into a new directory\n   init       Create an empty Git repository or reinitialize an existing one\n\nwork on the current change (see also: git help everyday)\n   add        Add file contents to the index\n   mv         Move or rename a file, a directory, or a symlink\n   restore    Restore working tree files\n   rm         Remove files from the working tree and from the index\n\nexamine the history and state (see also: git help revisions)\n   bisect     Use binary search to find the commit that introduced a bug\n   diff       Show changes between commits, commit and working tree, etc\n   grep       Print lines matching a pattern\n   log        Show commit logs\n   show       Show various types of objects\n   status     Show the working tree status\n\ngrow, mark and tweak your common history\n   backfill   Download missing objects in a partial clone\n   branch     List, create, or delete branches\n   commit     Record changes to the repository\n   merge      Join two or more development histories together\n   rebase     Reapply commits on top of another base tip\n   reset      Reset current HEAD to the specified state\n   switch     Switch branches\n   tag        Create, list, delete or verify a tag object signed with GPG\n\ncollaborate (see also: git help workflows)\n   fetch      Download objects and refs from another repository\n   pull       Fetch from and integrate with another repository or a local branch\n   push       Update remote refs along with associated objects\n\n'git help -a' and 'git help -g' list available subcommands and some\nconcept guides. See 'git help <command>' or 'git help <concept>'\nto read about a specific subcommand or concept.\nSee 'git help git' for an overview of the system.\n""
[0m10:35:14.951492 [debug] [MainThread]: STDERR: "b''"
[0m10:35:14.952501 [info ] [MainThread]:  - git [[32mOK found[0m]

[0m10:35:14.953545 [info ] [MainThread]: Connection test skipped since no profile was found
[0m10:35:14.954556 [info ] [MainThread]: [31m2 checks failed:[0m
[0m10:35:14.955870 [info ] [MainThread]: dbt looked for a profiles.yml file in C:\Users\Admin\.dbt\profiles.yml, but did
not find one. For more information on configuring your profile, consult the
documentation:

https://docs.getdbt.com/docs/configure-your-profile


[0m10:35:14.956884 [info ] [MainThread]: Project loading failed for the following reason:
 project path <D:\projects\openbank-lakehouse\dbt\dbt_project.yml> not found

[0m10:35:14.957945 [debug] [MainThread]: Command `dbt debug` failed at 10:35:14.957945 after 0.17 seconds
[0m10:35:14.958953 [debug] [MainThread]: Sending event: {'category': 'dbt', 'action': 'invocation', 'label': 'end', 'context': [<snowplow_tracker.self_describing_json.SelfDescribingJson object at 0x0000025D47F09F00>, <snowplow_tracker.self_describing_json.SelfDescribingJson object at 0x0000025D4A103FA0>, <snowplow_tracker.self_describing_json.SelfDescribingJson object at 0x0000025D4A1907F0>]}
[0m10:35:14.959465 [debug] [MainThread]: Flushing usage events
[0m10:35:16.249771 [debug] [MainThread]: An error was encountered while trying to flush usage events
[0m10:38:18.552440 [debug] [MainThread]: Sending event: {'category': 'dbt', 'action': 'invocation', 'label': 'start', 'context': [<snowplow_tracker.self_describing_json.SelfDescribingJson object at 0x00000233C77DDF30>, <snowplow_tracker.self_describing_json.SelfDescribingJson object at 0x00000233C9A04B50>, <snowplow_tracker.self_describing_json.SelfDescribingJson object at 0x00000233C9A062C0>]}


============================== 10:38:18.557322 | 2302f1f9-7998-457b-8751-6c7a18634a70 ==============================
[0m10:38:18.557322 [info ] [MainThread]: Running with dbt=1.11.7
[0m10:38:18.558934 [debug] [MainThread]: running dbt with arguments {'version_check': 'True', 'no_print': 'None', 'static_parser': 'True', 'target_path': 'None', 'warn_error_options': 'WarnErrorOptionsV2(error=[], warn=[], silence=[])', 'printer_width': '80', 'write_json': 'True', 'empty': 'None', 'log_cache_events': 'False', 'introspect': 'True', 'cache_selected_only': 'False', 'fail_fast': 'False', 'debug': 'False', 'log_format': 'default', 'profiles_dir': 'C:\\Users\\Admin\\.dbt', 'send_anonymous_usage_stats': 'True', 'quiet': 'False', 'warn_error': 'None', 'partial_parse': 'True', 'invocation_command': 'dbt init openbank_dv', 'indirect_selection': 'eager', 'use_colors': 'True', 'use_experimental_parser': 'False', 'log_path': 'logs'}
[0m10:38:18.581233 [info ] [MainThread]: A project called openbank_dv already exists here.
[0m10:38:18.582185 [debug] [MainThread]: Command `dbt init` succeeded at 10:38:18.582185 after 0.13 seconds
[0m10:38:18.584090 [debug] [MainThread]: Sending event: {'category': 'dbt', 'action': 'invocation', 'label': 'end', 'context': [<snowplow_tracker.self_describing_json.SelfDescribingJson object at 0x00000233C77DDF30>, <snowplow_tracker.self_describing_json.SelfDescribingJson object at 0x00000233C9A04B50>, <snowplow_tracker.self_describing_json.SelfDescribingJson object at 0x00000233C9A5BCA0>]}
[0m10:38:18.585088 [debug] [MainThread]: Flushing usage events
[0m10:38:19.826388 [debug] [MainThread]: An error was encountered while trying to flush usage events
